<?xml version="1.0" encoding="UTF-8"?>
<!-- Generated by org.testng.reporters.JUnitReportReporter -->
<testsuite hostname="KI-DW-Anand" name="com.kambaa.govt_environment.PagesTest.Climate_ChangePagesTest" tests="5" failures="0" timestamp="6 Aug 2019 13:07:11 GMT" time="528.452" errors="0">
  <testcase name="verifyTNSAPCClink" time="98.490" classname="com.kambaa.govt_environment.PagesTest.Climate_ChangePagesTest"/>
  <testcase name="verifyNMSKCClink" time="105.887" classname="com.kambaa.govt_environment.PagesTest.Climate_ChangePagesTest"/>
  <testcase name="verifyGCFlink" time="97.010" classname="com.kambaa.govt_environment.PagesTest.Climate_ChangePagesTest"/>
  <testcase name="verifyclimatechangecelllink" time="104.117" classname="com.kambaa.govt_environment.PagesTest.Climate_ChangePagesTest"/>
  <testcase name="verifyNAFCClink" time="122.948" classname="com.kambaa.govt_environment.PagesTest.Climate_ChangePagesTest"/>
</testsuite> <!-- com.kambaa.govt_environment.PagesTest.Climate_ChangePagesTest -->
