<?xml version="1.0" encoding="UTF-8"?>
<!-- Generated by org.testng.reporters.JUnitReportReporter -->
<testsuite hostname="KI-DW-Anand" name="com.kambaa.govt_environment.PagesTest.ENVISPagesTest" tests="4" failures="0" timestamp="7 Aug 2019 13:30:39 GMT" time="395.121" errors="0">
  <testcase name="verifyGSDPlink" time="99.814" classname="com.kambaa.govt_environment.PagesTest.ENVISPagesTest"/>
  <testcase name="verifyGRIDlink" time="98.927" classname="com.kambaa.govt_environment.PagesTest.ENVISPagesTest"/>
  <testcase name="verifyAbout_ENVISlink" time="96.932" classname="com.kambaa.govt_environment.PagesTest.ENVISPagesTest"/>
  <testcase name="verifySOERlink" time="99.448" classname="com.kambaa.govt_environment.PagesTest.ENVISPagesTest"/>
</testsuite> <!-- com.kambaa.govt_environment.PagesTest.ENVISPagesTest -->
