<?xml version="1.0" encoding="UTF-8"?>
<!-- Generated by org.testng.reporters.JUnitReportReporter -->
<testsuite hostname="KI-DW-Anand" name="com.kambaa.govt_environment.PagesTest.NGCPageTest" tests="2" failures="0" timestamp="7 Aug 2019 05:22:03 GMT" time="190.518" errors="0">
  <testcase name="verifyeco_clubslink" time="94.971" classname="com.kambaa.govt_environment.PagesTest.NGCPageTest"/>
  <testcase name="verifyNGC_Sublink" time="95.547" classname="com.kambaa.govt_environment.PagesTest.NGCPageTest"/>
</testsuite> <!-- com.kambaa.govt_environment.PagesTest.NGCPageTest -->
