<?xml version="1.0" encoding="UTF-8"?>
<!-- Generated by org.testng.reporters.JUnitReportReporter -->
<testsuite hostname="KI-DW-Anand" name="com.kambaa.govt_environment.PagesTest.EMATPageTest" tests="4" failures="0" timestamp="6 Aug 2019 13:07:11 GMT" time="424.334" errors="0">
  <testcase name="verifyECORESTORATIONlink" time="113.677" classname="com.kambaa.govt_environment.PagesTest.EMATPageTest"/>
  <testcase name="verifyEMATlink1" time="105.148" classname="com.kambaa.govt_environment.PagesTest.EMATPageTest"/>
  <testcase name="verifyNLCPANDNRCPlink" time="102.041" classname="com.kambaa.govt_environment.PagesTest.EMATPageTest"/>
  <testcase name="verifyEPREDlink" time="103.468" classname="com.kambaa.govt_environment.PagesTest.EMATPageTest"/>
</testsuite> <!-- com.kambaa.govt_environment.PagesTest.EMATPageTest -->
