<?xml version="1.0" encoding="UTF-8"?>
<!-- Generated by org.testng.reporters.JUnitReportReporter -->
<testsuite hostname="KI-DW-Anand" name="com.kambaa.govt_environment.PagesTest.PublicationPageTest" tests="3" failures="0" timestamp="7 Aug 2019 12:43:35 GMT" time="291.603" errors="0">
  <testcase name="verifyreportslink" time="74.689" classname="com.kambaa.govt_environment.PagesTest.PublicationPageTest"/>
  <testcase name="verifyposterlink" time="81.484" classname="com.kambaa.govt_environment.PagesTest.PublicationPageTest"/>
  <testcase name="verifybookslink" time="135.430" classname="com.kambaa.govt_environment.PagesTest.PublicationPageTest"/>
</testsuite> <!-- com.kambaa.govt_environment.PagesTest.PublicationPageTest -->
