<?xml version="1.0" encoding="UTF-8"?>
<!-- Generated by org.testng.reporters.JUnitReportReporter -->
<testsuite hostname="KI-DW-Anand" name="com.kambaa.govt_environment.PagesTest.AboutuslinkpageTest" tests="2" failures="0" timestamp="5 Aug 2019 11:46:05 GMT" time="219.497" errors="0">
  <testcase name="verifyDOElink" time="105.627" classname="com.kambaa.govt_environment.PagesTest.AboutuslinkpageTest"/>
  <testcase name="verifylimk2" time="113.870" classname="com.kambaa.govt_environment.PagesTest.AboutuslinkpageTest"/>
</testsuite> <!-- com.kambaa.govt_environment.PagesTest.AboutuslinkpageTest -->
