<?xml version="1.0" encoding="UTF-8"?>
<!-- Generated by org.testng.reporters.JUnitReportReporter -->
<testsuite hostname="KI-DW-Anand" name="com.kambaa.govt_environment.PagesTest.AboutuslinkpageTest" tests="2" failures="0" timestamp="6 Aug 2019 13:07:11 GMT" time="217.335" errors="0">
  <testcase name="verifyDOElink" time="108.726" classname="com.kambaa.govt_environment.PagesTest.AboutuslinkpageTest"/>
  <testcase name="verifylimk2" time="108.609" classname="com.kambaa.govt_environment.PagesTest.AboutuslinkpageTest"/>
</testsuite> <!-- com.kambaa.govt_environment.PagesTest.AboutuslinkpageTest -->
