<?xml version="1.0" encoding="UTF-8"?>
<!-- Generated by org.testng.reporters.JUnitReportReporter -->
<testsuite hostname="KI-DW-Anand" name="com.kambaa.govt_environment.PagesTest.AboutuslinkpageTest" tests="2" failures="0" timestamp="6 Aug 2019 11:58:24 GMT" time="184.371" errors="0">
  <testcase name="verifylimk2" time="84.821" classname="com.kambaa.govt_environment.PagesTest.AboutuslinkpageTest"/>
  <testcase name="verifyDOElink" time="99.550" classname="com.kambaa.govt_environment.PagesTest.AboutuslinkpageTest"/>
</testsuite> <!-- com.kambaa.govt_environment.PagesTest.AboutuslinkpageTest -->
