<?xml version="1.0" encoding="UTF-8"?>
<!-- Generated by org.testng.reporters.JUnitReportReporter -->
<testsuite hostname="KI-DW-Anand" name="com.kambaa.govt_environment.PagesTest.EMATPageTest" tests="4" failures="0" timestamp="7 Aug 2019 05:22:06 GMT" time="405.269" errors="0">
  <testcase name="verifyEPREDlink" time="104.399" classname="com.kambaa.govt_environment.PagesTest.EMATPageTest"/>
  <testcase name="verifyECORESTORATIONlink" time="94.358" classname="com.kambaa.govt_environment.PagesTest.EMATPageTest"/>
  <testcase name="verifyEMATlink1" time="110.904" classname="com.kambaa.govt_environment.PagesTest.EMATPageTest"/>
  <testcase name="verifyNLCPANDNRCPlink" time="95.608" classname="com.kambaa.govt_environment.PagesTest.EMATPageTest"/>
</testsuite> <!-- com.kambaa.govt_environment.PagesTest.EMATPageTest -->
