<?xml version="1.0" encoding="UTF-8"?>
<!-- Generated by org.testng.reporters.JUnitReportReporter -->
<testsuite hostname="KI-DW-Anand" name="com.kambaa.govt_environment.PagesTest.Climate_ChangePagesTest" tests="5" failures="0" timestamp="7 Aug 2019 05:22:06 GMT" time="503.179" errors="0">
  <testcase name="verifyNMSKCClink" time="99.514" classname="com.kambaa.govt_environment.PagesTest.Climate_ChangePagesTest"/>
  <testcase name="verifyNAFCClink" time="99.440" classname="com.kambaa.govt_environment.PagesTest.Climate_ChangePagesTest"/>
  <testcase name="verifyclimatechangecelllink" time="104.278" classname="com.kambaa.govt_environment.PagesTest.Climate_ChangePagesTest"/>
  <testcase name="verifyTNSAPCClink" time="99.957" classname="com.kambaa.govt_environment.PagesTest.Climate_ChangePagesTest"/>
  <testcase name="verifyGCFlink" time="99.990" classname="com.kambaa.govt_environment.PagesTest.Climate_ChangePagesTest"/>
</testsuite> <!-- com.kambaa.govt_environment.PagesTest.Climate_ChangePagesTest -->
