<?xml version="1.0" encoding="UTF-8"?>
<!-- Generated by org.testng.reporters.JUnitReportReporter -->
<testsuite hostname="KI-DW-Anand" name="com.kambaa.govt_environment.PagesTest.CZMPageTest" tests="5" failures="0" timestamp="7 Aug 2019 13:30:39 GMT" time="423.754" errors="0">
  <testcase name="verifyBLUEFLAGBEACHPROGRAMMElink" time="63.885" classname="com.kambaa.govt_environment.PagesTest.CZMPageTest"/>
  <testcase name="verifyCDRRPlink" time="62.291" classname="com.kambaa.govt_environment.PagesTest.CZMPageTest"/>
  <testcase name="verifyGISlink" time="99.747" classname="com.kambaa.govt_environment.PagesTest.CZMPageTest"/>
  <testcase name="verifyICZMPlink" time="98.499" classname="com.kambaa.govt_environment.PagesTest.CZMPageTest"/>
  <testcase name="verifyCZMlink" time="99.332" classname="com.kambaa.govt_environment.PagesTest.CZMPageTest"/>
</testsuite> <!-- com.kambaa.govt_environment.PagesTest.CZMPageTest -->
