<?xml version="1.0" encoding="UTF-8"?>
<!-- Generated by org.testng.reporters.JUnitReportReporter -->
<testsuite hostname="KI-DW-Anand" name="com.kambaa.govt_environment.PagesTest.PublicationPageTest" tests="3" failures="0" timestamp="7 Aug 2019 13:30:39 GMT" time="195.773" errors="0">
  <testcase name="verifybookslink" time="63.196" classname="com.kambaa.govt_environment.PagesTest.PublicationPageTest"/>
  <testcase name="verifyposterlink" time="68.794" classname="com.kambaa.govt_environment.PagesTest.PublicationPageTest"/>
  <testcase name="verifyreportslink" time="63.783" classname="com.kambaa.govt_environment.PagesTest.PublicationPageTest"/>
</testsuite> <!-- com.kambaa.govt_environment.PagesTest.PublicationPageTest -->
