<?xml version="1.0" encoding="UTF-8"?>
<!-- Generated by org.testng.reporters.JUnitReportReporter -->
<testsuite hostname="KI-DW-Anand" name="com.kambaa.govt_environment.PagesTest.HomepageTest" tests="3" failures="0" timestamp="6 Aug 2019 11:58:24 GMT" time="348.547" errors="0">
  <testcase name="verifylogo" time="69.551" classname="com.kambaa.govt_environment.PagesTest.HomepageTest"/>
  <testcase name="verifytitle" time="147.077" classname="com.kambaa.govt_environment.PagesTest.HomepageTest"/>
  <testcase name="homelinkclicktest" time="131.919" classname="com.kambaa.govt_environment.PagesTest.HomepageTest"/>
</testsuite> <!-- com.kambaa.govt_environment.PagesTest.HomepageTest -->
