<?xml version="1.0" encoding="UTF-8"?>
<!-- Generated by org.testng.reporters.JUnitReportReporter -->
<testsuite hostname="KI-DW-Anand" name="com.kambaa.govt_environment.PagesTest.SEIAAPageTest" tests="1" failures="0" timestamp="7 Aug 2019 13:30:39 GMT" time="96.846" errors="0">
  <testcase name="verifyEnvironment_clearance" time="96.846" classname="com.kambaa.govt_environment.PagesTest.SEIAAPageTest"/>
</testsuite> <!-- com.kambaa.govt_environment.PagesTest.SEIAAPageTest -->
