<?xml version="1.0" encoding="UTF-8"?>
<!-- Generated by org.testng.reporters.JUnitReportReporter -->
<testsuite hostname="KI-DW-Anand" name="com.kambaa.govt_environment.PagesTest.ENVISPagesTest" tests="4" failures="0" timestamp="7 Aug 2019 05:22:06 GMT" time="439.142" errors="0">
  <testcase name="verifyAbout_ENVISlink" time="103.473" classname="com.kambaa.govt_environment.PagesTest.ENVISPagesTest"/>
  <testcase name="verifyGRIDlink" time="102.921" classname="com.kambaa.govt_environment.PagesTest.ENVISPagesTest"/>
  <testcase name="verifySOERlink" time="101.935" classname="com.kambaa.govt_environment.PagesTest.ENVISPagesTest"/>
  <testcase name="verifyGSDPlink" time="130.813" classname="com.kambaa.govt_environment.PagesTest.ENVISPagesTest"/>
</testsuite> <!-- com.kambaa.govt_environment.PagesTest.ENVISPagesTest -->
