<?xml version="1.0" encoding="UTF-8"?>
<!-- Generated by org.testng.reporters.JUnitReportReporter -->
<testsuite hostname="KI-DW-Anand" name="com.kambaa.govt_environment.PagesTest.Climate_ChangePagesTest" tests="5" failures="0" timestamp="7 Aug 2019 13:30:39 GMT" time="492.643" errors="0">
  <testcase name="verifyclimatechangecelllink" time="108.718" classname="com.kambaa.govt_environment.PagesTest.Climate_ChangePagesTest"/>
  <testcase name="verifyNAFCClink" time="97.355" classname="com.kambaa.govt_environment.PagesTest.Climate_ChangePagesTest"/>
  <testcase name="verifyGCFlink" time="97.416" classname="com.kambaa.govt_environment.PagesTest.Climate_ChangePagesTest"/>
  <testcase name="verifyNMSKCClink" time="94.133" classname="com.kambaa.govt_environment.PagesTest.Climate_ChangePagesTest"/>
  <testcase name="verifyTNSAPCClink" time="95.021" classname="com.kambaa.govt_environment.PagesTest.Climate_ChangePagesTest"/>
</testsuite> <!-- com.kambaa.govt_environment.PagesTest.Climate_ChangePagesTest -->
