<?xml version="1.0" encoding="UTF-8"?>
<!-- Generated by org.testng.reporters.JUnitReportReporter -->
<testsuite hostname="KI-DW-Anand" name="com.kambaa.govt_environment.PagesTest.EMATPageTest" tests="4" failures="0" timestamp="7 Aug 2019 13:30:39 GMT" time="389.988" errors="0">
  <testcase name="verifyNLCPANDNRCPlink" time="95.864" classname="com.kambaa.govt_environment.PagesTest.EMATPageTest"/>
  <testcase name="verifyECORESTORATIONlink" time="91.914" classname="com.kambaa.govt_environment.PagesTest.EMATPageTest"/>
  <testcase name="verifyEMATlink1" time="101.270" classname="com.kambaa.govt_environment.PagesTest.EMATPageTest"/>
  <testcase name="verifyEPREDlink" time="100.940" classname="com.kambaa.govt_environment.PagesTest.EMATPageTest"/>
</testsuite> <!-- com.kambaa.govt_environment.PagesTest.EMATPageTest -->
