<?xml version="1.0" encoding="UTF-8"?>
<!-- Generated by org.testng.reporters.JUnitReportReporter -->
<testsuite hostname="KI-DW-Anand" name="com.kambaa.govt_environment.PagesTest.Other_activitiesPageTest" tests="1" failures="0" timestamp="6 Aug 2019 13:07:10 GMT" time="101.807" errors="0">
  <testcase name="verifyOther_Activitieslink" time="101.807" classname="com.kambaa.govt_environment.PagesTest.Other_activitiesPageTest"/>
</testsuite> <!-- com.kambaa.govt_environment.PagesTest.Other_activitiesPageTest -->
