<?xml version="1.0" encoding="UTF-8"?>
<!-- Generated by org.testng.reporters.JUnitReportReporter -->
<testsuite hostname="KI-DW-Anand" name="com.kambaa.govt_environment.PagesTest.HomepageTest" tests="3" failures="0" timestamp="7 Aug 2019 05:22:06 GMT" time="252.573" errors="0">
  <testcase name="verifylogo" time="62.031" classname="com.kambaa.govt_environment.PagesTest.HomepageTest"/>
  <testcase name="verifytitle" time="68.604" classname="com.kambaa.govt_environment.PagesTest.HomepageTest"/>
  <testcase name="homelinkclicktest" time="121.938" classname="com.kambaa.govt_environment.PagesTest.HomepageTest"/>
</testsuite> <!-- com.kambaa.govt_environment.PagesTest.HomepageTest -->
