<?xml version="1.0" encoding="UTF-8"?>
<!-- Generated by org.testng.reporters.JUnitReportReporter -->
<testsuite hostname="KI-DW-Anand" name="com.kambaa.govt_environment.PagesTest.HomepageTest" tests="3" failures="0" timestamp="5 Aug 2019 11:46:05 GMT" time="270.152" errors="0">
  <testcase name="verifytitle" time="77.125" classname="com.kambaa.govt_environment.PagesTest.HomepageTest"/>
  <testcase name="homelinkclicktest" time="120.974" classname="com.kambaa.govt_environment.PagesTest.HomepageTest"/>
  <testcase name="verifylogo" time="72.053" classname="com.kambaa.govt_environment.PagesTest.HomepageTest"/>
</testsuite> <!-- com.kambaa.govt_environment.PagesTest.HomepageTest -->
