<?xml version="1.0" encoding="UTF-8"?>
<!-- Generated by org.testng.reporters.JUnitReportReporter -->
<testsuite hostname="KI-DW-Anand" name="com.kambaa.govt_environment.PagesTest.CZMPageTest" tests="5" failures="0" timestamp="7 Aug 2019 11:43:39 GMT" time="514.528" errors="0">
  <testcase name="verifyICZMPlink" time="113.989" classname="com.kambaa.govt_environment.PagesTest.CZMPageTest"/>
  <testcase name="verifyBLUEFLAGBEACHPROGRAMMElink" time="75.892" classname="com.kambaa.govt_environment.PagesTest.CZMPageTest"/>
  <testcase name="verifyCZMlink" time="126.342" classname="com.kambaa.govt_environment.PagesTest.CZMPageTest"/>
  <testcase name="verifyGISlink" time="125.182" classname="com.kambaa.govt_environment.PagesTest.CZMPageTest"/>
  <testcase name="verifyCDRRPlink" time="73.123" classname="com.kambaa.govt_environment.PagesTest.CZMPageTest"/>
</testsuite> <!-- com.kambaa.govt_environment.PagesTest.CZMPageTest -->
