<?xml version="1.0" encoding="UTF-8"?>
<!-- Generated by org.testng.reporters.JUnitReportReporter -->
<testsuite hostname="KI-DW-Anand" name="com.kambaa.govt_environment.PagesTest.Climate_CahngePagesTest" tests="5" failures="0" timestamp="6 Aug 2019 08:11:51 GMT" time="508.824" errors="0">
  <testcase name="verifyNMSKCClink" time="82.701" classname="com.kambaa.govt_environment.PagesTest.Climate_CahngePagesTest"/>
  <testcase name="verifyclimatechangecelllink" time="129.243" classname="com.kambaa.govt_environment.PagesTest.Climate_CahngePagesTest"/>
  <testcase name="verifyNAFCClink" time="95.229" classname="com.kambaa.govt_environment.PagesTest.Climate_CahngePagesTest"/>
  <testcase name="verifyTNSAPCClink" time="113.964" classname="com.kambaa.govt_environment.PagesTest.Climate_CahngePagesTest"/>
  <testcase name="verifyGCFlink" time="87.687" classname="com.kambaa.govt_environment.PagesTest.Climate_CahngePagesTest"/>
</testsuite> <!-- com.kambaa.govt_environment.PagesTest.Climate_CahngePagesTest -->
