<?xml version="1.0" encoding="UTF-8"?>
<!-- Generated by org.testng.reporters.JUnitReportReporter -->
<testsuite hostname="KI-DW-Anand" name="com.kambaa.govt_environment.PagesTest.AboutuslinkpageTest" tests="2" failures="0" timestamp="7 Aug 2019 05:22:06 GMT" time="196.359" errors="0">
  <testcase name="verifylimk2" time="96.418" classname="com.kambaa.govt_environment.PagesTest.AboutuslinkpageTest"/>
  <testcase name="verifyDOElink" time="99.941" classname="com.kambaa.govt_environment.PagesTest.AboutuslinkpageTest"/>
</testsuite> <!-- com.kambaa.govt_environment.PagesTest.AboutuslinkpageTest -->
