<?xml version="1.0" encoding="UTF-8"?>
<!-- Generated by org.testng.reporters.JUnitReportReporter -->
<testsuite hostname="KI-DW-Anand" name="com.kambaa.govt_environment.PagesTest.AboutuslinkpageTest" tests="2" failures="0" timestamp="7 Aug 2019 13:30:39 GMT" time="188.135" errors="0">
  <testcase name="verifyDOElink" time="96.708" classname="com.kambaa.govt_environment.PagesTest.AboutuslinkpageTest"/>
  <testcase name="verifylimk2" time="91.427" classname="com.kambaa.govt_environment.PagesTest.AboutuslinkpageTest"/>
</testsuite> <!-- com.kambaa.govt_environment.PagesTest.AboutuslinkpageTest -->
