<?xml version="1.0" encoding="UTF-8"?>
<!-- Generated by org.testng.reporters.JUnitReportReporter -->
<testsuite hostname="KI-DW-Anand" name="com.kambaa.govt_environment.PagesTest.NGCPageTest" tests="2" failures="0" timestamp="6 Aug 2019 13:07:07 GMT" time="203.221" errors="0">
  <testcase name="verifyNGC_Sublink" time="102.376" classname="com.kambaa.govt_environment.PagesTest.NGCPageTest"/>
  <testcase name="verifyeco_clubslink" time="100.845" classname="com.kambaa.govt_environment.PagesTest.NGCPageTest"/>
</testsuite> <!-- com.kambaa.govt_environment.PagesTest.NGCPageTest -->
