<?xml version="1.0" encoding="UTF-8"?>
<!-- Generated by org.testng.reporters.JUnitReportReporter -->
<testsuite hostname="KI-DW-Anand" name="com.kambaa.govt_environment.PagesTest.ENVISPagesTest" tests="4" failures="0" timestamp="6 Aug 2019 13:07:10 GMT" time="415.306" errors="0">
  <testcase name="verifyGRIDlink" time="95.845" classname="com.kambaa.govt_environment.PagesTest.ENVISPagesTest"/>
  <testcase name="verifyGSDPlink" time="99.871" classname="com.kambaa.govt_environment.PagesTest.ENVISPagesTest"/>
  <testcase name="verifySOERlink" time="108.366" classname="com.kambaa.govt_environment.PagesTest.ENVISPagesTest"/>
  <testcase name="verifyAbout_ENVISlink" time="111.224" classname="com.kambaa.govt_environment.PagesTest.ENVISPagesTest"/>
</testsuite> <!-- com.kambaa.govt_environment.PagesTest.ENVISPagesTest -->
