<?xml version="1.0" encoding="UTF-8"?>
<!-- Generated by org.testng.reporters.JUnitReportReporter -->
<testsuite hostname="KI-DW-Anand" name="com.kambaa.govt_environment.PagesTest.HomepageTest" tests="3" failures="0" timestamp="7 Aug 2019 13:30:39 GMT" time="264.904" errors="0">
  <testcase name="verifylogo" time="72.684" classname="com.kambaa.govt_environment.PagesTest.HomepageTest"/>
  <testcase name="verifytitle" time="66.448" classname="com.kambaa.govt_environment.PagesTest.HomepageTest"/>
  <testcase name="homelinkclicktest" time="125.772" classname="com.kambaa.govt_environment.PagesTest.HomepageTest"/>
</testsuite> <!-- com.kambaa.govt_environment.PagesTest.HomepageTest -->
