<?xml version="1.0" encoding="UTF-8"?>
<!-- Generated by org.testng.reporters.JUnitReportReporter -->
<testsuite hostname="KI-DW-Anand" name="com.kambaa.govt_environment.PagesTest.NGCPageTest" tests="2" failures="0" timestamp="7 Aug 2019 13:30:37 GMT" time="193.491" errors="0">
  <testcase name="verifyNGC_Sublink" time="93.626" classname="com.kambaa.govt_environment.PagesTest.NGCPageTest"/>
  <testcase name="verifyeco_clubslink" time="99.865" classname="com.kambaa.govt_environment.PagesTest.NGCPageTest"/>
</testsuite> <!-- com.kambaa.govt_environment.PagesTest.NGCPageTest -->
